==7813== Memcheck, a memory error detector
==7813== Copyright (C) 2002-2017, and GNU GPL'd, by Julian Seward et al.
==7813== Using Valgrind-3.16.0.GIT and LibVEX; rerun with -h for copyright info
==7813== Command: ./Game
==7813== Parent PID: 2307
==7813== 
==7813== Conditional jump or move depends on uninitialised value(s)
==7813==    at 0x10D8D3: Stds_CapFramerate (game.c:118)
==7813==    by 0x10D816: Stds_GameLoop (game.c:80)
==7813==    by 0x1106FC: main (main.c:55)
==7813== 
{
   <insert_a_suppression_name_here>
   Memcheck:Cond
   fun:Stds_CapFramerate
   fun:Stds_GameLoop
   fun:main
}
==7813== Syscall param clock_nanosleep(rqtp) points to uninitialised byte(s)
==7813==    at 0x4C4F571: clock_nanosleep@@GLIBC_2.17 (in /usr/lib/libc-2.31.so)
==7813==    by 0x4C54E86: nanosleep (in /usr/lib/libc-2.31.so)
==7813==    by 0x4986E4B: ??? (in /usr/lib/libSDL2-2.0.so.0.12.0)
==7813==    by 0x10D8E7: Stds_CapFramerate (game.c:122)
==7813==    by 0x10D816: Stds_GameLoop (game.c:80)
==7813==    by 0x1106FC: main (main.c:55)
==7813==  Address 0x1fff000450 is on thread 1's stack
==7813== 
{
   <insert_a_suppression_name_here>
   Memcheck:Param
   clock_nanosleep(rqtp)
   fun:clock_nanosleep@@GLIBC_2.17
   fun:nanosleep
   obj:/usr/lib/libSDL2-2.0.so.0.12.0
   fun:Stds_CapFramerate
   fun:Stds_GameLoop
   fun:main
}
==7813== Thread 2 SDLTimer:
==7813== Conditional jump or move depends on uninitialised value(s)
==7813==    at 0x4BF3B7B: __vfprintf_internal (in /usr/lib/libc-2.31.so)
==7813==    by 0x4C00083: __vsprintf_internal (in /usr/lib/libc-2.31.so)
==7813==    by 0x4BDFBB7: sprintf (in /usr/lib/libc-2.31.so)
==7813==    by 0x10FB80: Stds_StrCatIntArray (stds.c:404)
==7813==    by 0x10D99E: Stds_UpdateWindowTitle (game.c:159)
==7813==    by 0x48F13B3: ??? (in /usr/lib/libSDL2-2.0.so.0.12.0)
==7813==    by 0x48F0CFE: ??? (in /usr/lib/libSDL2-2.0.so.0.12.0)
==7813==    by 0x49846A9: ??? (in /usr/lib/libSDL2-2.0.so.0.12.0)
==7813==    by 0x4D5E421: start_thread (in /usr/lib/libpthread-2.31.so)
==7813==    by 0x4C87BF2: clone (in /usr/lib/libc-2.31.so)
==7813== 
{
   <insert_a_suppression_name_here>
   Memcheck:Cond
   fun:__vfprintf_internal
   fun:__vsprintf_internal
   fun:sprintf
   fun:Stds_StrCatIntArray
   fun:Stds_UpdateWindowTitle
   obj:/usr/lib/libSDL2-2.0.so.0.12.0
   obj:/usr/lib/libSDL2-2.0.so.0.12.0
   obj:/usr/lib/libSDL2-2.0.so.0.12.0
   fun:start_thread
   fun:clone
}
==7813== Use of uninitialised value of size 8
==7813==    at 0x4BD9B3B: _itoa_word (in /usr/lib/libc-2.31.so)
==7813==    by 0x4BF34EF: __vfprintf_internal (in /usr/lib/libc-2.31.so)
==7813==    by 0x4C00083: __vsprintf_internal (in /usr/lib/libc-2.31.so)
==7813==    by 0x4BDFBB7: sprintf (in /usr/lib/libc-2.31.so)
==7813==    by 0x10FB80: Stds_StrCatIntArray (stds.c:404)
==7813==    by 0x10D99E: Stds_UpdateWindowTitle (game.c:159)
==7813==    by 0x48F13B3: ??? (in /usr/lib/libSDL2-2.0.so.0.12.0)
==7813==    by 0x48F0CFE: ??? (in /usr/lib/libSDL2-2.0.so.0.12.0)
==7813==    by 0x49846A9: ??? (in /usr/lib/libSDL2-2.0.so.0.12.0)
==7813==    by 0x4D5E421: start_thread (in /usr/lib/libpthread-2.31.so)
==7813==    by 0x4C87BF2: clone (in /usr/lib/libc-2.31.so)
==7813== 
{
   <insert_a_suppression_name_here>
   Memcheck:Value8
   fun:_itoa_word
   fun:__vfprintf_internal
   fun:__vsprintf_internal
   fun:sprintf
   fun:Stds_StrCatIntArray
   fun:Stds_UpdateWindowTitle
   obj:/usr/lib/libSDL2-2.0.so.0.12.0
   obj:/usr/lib/libSDL2-2.0.so.0.12.0
   obj:/usr/lib/libSDL2-2.0.so.0.12.0
   fun:start_thread
   fun:clone
}
==7813== Conditional jump or move depends on uninitialised value(s)
==7813==    at 0x4BD9B4C: _itoa_word (in /usr/lib/libc-2.31.so)
==7813==    by 0x4BF34EF: __vfprintf_internal (in /usr/lib/libc-2.31.so)
==7813==    by 0x4C00083: __vsprintf_internal (in /usr/lib/libc-2.31.so)
==7813==    by 0x4BDFBB7: sprintf (in /usr/lib/libc-2.31.so)
==7813==    by 0x10FB80: Stds_StrCatIntArray (stds.c:404)
==7813==    by 0x10D99E: Stds_UpdateWindowTitle (game.c:159)
==7813==    by 0x48F13B3: ??? (in /usr/lib/libSDL2-2.0.so.0.12.0)
==7813==    by 0x48F0CFE: ??? (in /usr/lib/libSDL2-2.0.so.0.12.0)
==7813==    by 0x49846A9: ??? (in /usr/lib/libSDL2-2.0.so.0.12.0)
==7813==    by 0x4D5E421: start_thread (in /usr/lib/libpthread-2.31.so)
==7813==    by 0x4C87BF2: clone (in /usr/lib/libc-2.31.so)
==7813== 
{
   <insert_a_suppression_name_here>
   Memcheck:Cond
   fun:_itoa_word
   fun:__vfprintf_internal
   fun:__vsprintf_internal
   fun:sprintf
   fun:Stds_StrCatIntArray
   fun:Stds_UpdateWindowTitle
   obj:/usr/lib/libSDL2-2.0.so.0.12.0
   obj:/usr/lib/libSDL2-2.0.so.0.12.0
   obj:/usr/lib/libSDL2-2.0.so.0.12.0
   fun:start_thread
   fun:clone
}
==7813== Conditional jump or move depends on uninitialised value(s)
==7813==    at 0x4BF4428: __vfprintf_internal (in /usr/lib/libc-2.31.so)
==7813==    by 0x4C00083: __vsprintf_internal (in /usr/lib/libc-2.31.so)
==7813==    by 0x4BDFBB7: sprintf (in /usr/lib/libc-2.31.so)
==7813==    by 0x10FB80: Stds_StrCatIntArray (stds.c:404)
==7813==    by 0x10D99E: Stds_UpdateWindowTitle (game.c:159)
==7813==    by 0x48F13B3: ??? (in /usr/lib/libSDL2-2.0.so.0.12.0)
==7813==    by 0x48F0CFE: ??? (in /usr/lib/libSDL2-2.0.so.0.12.0)
==7813==    by 0x49846A9: ??? (in /usr/lib/libSDL2-2.0.so.0.12.0)
==7813==    by 0x4D5E421: start_thread (in /usr/lib/libpthread-2.31.so)
==7813==    by 0x4C87BF2: clone (in /usr/lib/libc-2.31.so)
==7813== 
{
   <insert_a_suppression_name_here>
   Memcheck:Cond
   fun:__vfprintf_internal
   fun:__vsprintf_internal
   fun:sprintf
   fun:Stds_StrCatIntArray
   fun:Stds_UpdateWindowTitle
   obj:/usr/lib/libSDL2-2.0.so.0.12.0
   obj:/usr/lib/libSDL2-2.0.so.0.12.0
   obj:/usr/lib/libSDL2-2.0.so.0.12.0
   fun:start_thread
   fun:clone
}
==7813== Conditional jump or move depends on uninitialised value(s)
==7813==    at 0x4BF3666: __vfprintf_internal (in /usr/lib/libc-2.31.so)
==7813==    by 0x4C00083: __vsprintf_internal (in /usr/lib/libc-2.31.so)
==7813==    by 0x4BDFBB7: sprintf (in /usr/lib/libc-2.31.so)
==7813==    by 0x10FB80: Stds_StrCatIntArray (stds.c:404)
==7813==    by 0x10D99E: Stds_UpdateWindowTitle (game.c:159)
==7813==    by 0x48F13B3: ??? (in /usr/lib/libSDL2-2.0.so.0.12.0)
==7813==    by 0x48F0CFE: ??? (in /usr/lib/libSDL2-2.0.so.0.12.0)
==7813==    by 0x49846A9: ??? (in /usr/lib/libSDL2-2.0.so.0.12.0)
==7813==    by 0x4D5E421: start_thread (in /usr/lib/libpthread-2.31.so)
==7813==    by 0x4C87BF2: clone (in /usr/lib/libc-2.31.so)
==7813== 
{
   <insert_a_suppression_name_here>
   Memcheck:Cond
   fun:__vfprintf_internal
   fun:__vsprintf_internal
   fun:sprintf
   fun:Stds_StrCatIntArray
   fun:Stds_UpdateWindowTitle
   obj:/usr/lib/libSDL2-2.0.so.0.12.0
   obj:/usr/lib/libSDL2-2.0.so.0.12.0
   obj:/usr/lib/libSDL2-2.0.so.0.12.0
   fun:start_thread
   fun:clone
}
==7813== Thread 1:
==7813== Invalid read of size 8
==7813==    at 0x10AB63: Stds_AnimationUpdate (animation.c:174)
==7813==    by 0x111171: player_update (player.c:71)
==7813==    by 0x1109FC: tick (main.c:128)
==7813==    by 0x10D7F5: Stds_GameLoop (game.c:77)
==7813==    by 0x1106FC: main (main.c:55)
==7813==  Address 0x2376d4a0 is 0 bytes after a block of size 16 alloc'd
==7813==    at 0x483977F: malloc (vg_replace_malloc.c:307)
==7813==    by 0x10A84B: Stds_AddAnimation (animation.c:109)
==7813==    by 0x110F7D: init_player (player.c:35)
==7813==    by 0x110749: init_scene (main.c:74)
==7813==    by 0x1106F7: main (main.c:54)
==7813== 
{
   <insert_a_suppression_name_here>
   Memcheck:Addr8
   fun:Stds_AnimationUpdate
   fun:player_update
   fun:tick
   fun:Stds_GameLoop
   fun:main
}
==7813== Invalid read of size 8
==7813==    at 0x48C927C: ??? (in /usr/lib/libSDL2-2.0.so.0.12.0)
==7813==    by 0x10B311: Stds_BackgroundDie (background.c:209)
==7813==    by 0x10E9A6: Stds_Cleanup (init.c:197)
==7813==    by 0x4BC6C56: __run_exit_handlers (in /usr/lib/libc-2.31.so)
==7813==    by 0x4BC6DFD: exit (in /usr/lib/libc-2.31.so)
==7813==    by 0x10EBAB: Stds_ProcessInput (input.c:59)
==7813==    by 0x10D7EC: Stds_GameLoop (game.c:76)
==7813==    by 0x1106FC: main (main.c:55)
==7813==  Address 0x345c2840 is 0 bytes inside a block of size 136 free'd
==7813==    at 0x483A9AB: free (vg_replace_malloc.c:538)
==7813==    by 0x48EFA8E: ??? (in /usr/lib/libSDL2-2.0.so.0.12.0)
==7813==    by 0x48C9390: ??? (in /usr/lib/libSDL2-2.0.so.0.12.0)
==7813==    by 0x10E955: Stds_Cleanup (init.c:182)
==7813==    by 0x4BC6C56: __run_exit_handlers (in /usr/lib/libc-2.31.so)
==7813==    by 0x4BC6DFD: exit (in /usr/lib/libc-2.31.so)
==7813==    by 0x10EBAB: Stds_ProcessInput (input.c:59)
==7813==    by 0x10D7EC: Stds_GameLoop (game.c:76)
==7813==    by 0x1106FC: main (main.c:55)
==7813==  Block was alloc'd at
==7813==    at 0x483BB65: calloc (vg_replace_malloc.c:760)
==7813==    by 0x48EF9E1: ??? (in /usr/lib/libSDL2-2.0.so.0.12.0)
==7813==    by 0x48C51BD: ??? (in /usr/lib/libSDL2-2.0.so.0.12.0)
==7813==    by 0x48C57C8: ??? (in /usr/lib/libSDL2-2.0.so.0.12.0)
==7813==    by 0x49F54A7: IMG_LoadTexture (in /usr/lib/libSDL2_image-2.0.so.0.2.3)
==7813==    by 0x10D026: Stds_LoadTexture (draw.c:416)
==7813==    by 0x10B208: Stds_AddBackground (background.c:163)
==7813==    by 0x10AED4: Stds_AddParallaxBackground (background.c:79)
==7813==    by 0x1108B7: init_scene (main.c:90)
==7813==    by 0x1106F7: main (main.c:54)
==7813== 
{
   <insert_a_suppression_name_here>
   Memcheck:Addr8
   obj:/usr/lib/libSDL2-2.0.so.0.12.0
   fun:Stds_BackgroundDie
   fun:Stds_Cleanup
   fun:__run_exit_handlers
   fun:exit
   fun:Stds_ProcessInput
   fun:Stds_GameLoop
   fun:main
}
==7813== Invalid read of size 8
==7813==    at 0x48C927C: ??? (in /usr/lib/libSDL2-2.0.so.0.12.0)
==7813==    by 0x10E078: Stds_FreeGrid (grid.c:153)
==7813==    by 0x110CC2: cleanup_stage (main.c:249)
==7813==    by 0x4BC6C56: __run_exit_handlers (in /usr/lib/libc-2.31.so)
==7813==    by 0x4BC6DFD: exit (in /usr/lib/libc-2.31.so)
==7813==    by 0x10EBAB: Stds_ProcessInput (input.c:59)
==7813==    by 0x10D7EC: Stds_GameLoop (game.c:76)
==7813==    by 0x1106FC: main (main.c:55)
==7813==  Address 0x34669e40 is 0 bytes inside a block of size 136 free'd
==7813==    at 0x483A9AB: free (vg_replace_malloc.c:538)
==7813==    by 0x48EFA8E: ??? (in /usr/lib/libSDL2-2.0.so.0.12.0)
==7813==    by 0x48C9390: ??? (in /usr/lib/libSDL2-2.0.so.0.12.0)
==7813==    by 0x10E955: Stds_Cleanup (init.c:182)
==7813==    by 0x4BC6C56: __run_exit_handlers (in /usr/lib/libc-2.31.so)
==7813==    by 0x4BC6DFD: exit (in /usr/lib/libc-2.31.so)
==7813==    by 0x10EBAB: Stds_ProcessInput (input.c:59)
==7813==    by 0x10D7EC: Stds_GameLoop (game.c:76)
==7813==    by 0x1106FC: main (main.c:55)
==7813==  Block was alloc'd at
==7813==    at 0x483BB65: calloc (vg_replace_malloc.c:760)
==7813==    by 0x48EF9E1: ??? (in /usr/lib/libSDL2-2.0.so.0.12.0)
==7813==    by 0x48C51BD: ??? (in /usr/lib/libSDL2-2.0.so.0.12.0)
==7813==    by 0x48C57C8: ??? (in /usr/lib/libSDL2-2.0.so.0.12.0)
==7813==    by 0x49F54A7: IMG_LoadTexture (in /usr/lib/libSDL2_image-2.0.so.0.2.3)
==7813==    by 0x10D026: Stds_LoadTexture (draw.c:416)
==7813==    by 0x10E4EE: Stds_AddGridTexture (grid.c:282)
==7813==    by 0x110984: init_scene (main.c:111)
==7813==    by 0x1106F7: main (main.c:54)
==7813== 
{
   <insert_a_suppression_name_here>
   Memcheck:Addr8
   obj:/usr/lib/libSDL2-2.0.so.0.12.0
   fun:Stds_FreeGrid
   fun:cleanup_stage
   fun:__run_exit_handlers
   fun:exit
   fun:Stds_ProcessInput
   fun:Stds_GameLoop
   fun:main
}
==7813== 
==7813== HEAP SUMMARY:
==7813==     in use at exit: 535,069 bytes in 2,551 blocks
==7813==   total heap usage: 119,373 allocs, 116,822 frees, 64,046,869 bytes allocated
==7813== 
==7813== 1 bytes in 1 blocks are definitely lost in loss record 1 of 1,707
==7813==    at 0x483977F: malloc (vg_replace_malloc.c:307)
==7813==    by 0x604EB77: _XlcDefaultMapModifiers (in /usr/lib/libX11.so.6.3.0)
==7813==    by 0x604EF68: XSetLocaleModifiers (in /usr/lib/libX11.so.6.3.0)
==7813==    by 0x495A943: ??? (in /usr/lib/libSDL2-2.0.so.0.12.0)
==7813==    by 0x49617BA: ??? (in /usr/lib/libSDL2-2.0.so.0.12.0)
==7813==    by 0x49321CC: ??? (in /usr/lib/libSDL2-2.0.so.0.12.0)
==7813==    by 0x4894307: ??? (in /usr/lib/libSDL2-2.0.so.0.12.0)
==7813==    by 0x10E773: Stds_InitSDL (init.c:112)
==7813==    by 0x10E688: Stds_InitGame (init.c:54)
==7813==    by 0x1106E3: main (main.c:51)
==7813== 
{
   <insert_a_suppression_name_here>
   Memcheck:Leak
   match-leak-kinds: definite
   fun:malloc
   fun:_XlcDefaultMapModifiers
   fun:XSetLocaleModifiers
   obj:/usr/lib/libSDL2-2.0.so.0.12.0
   obj:/usr/lib/libSDL2-2.0.so.0.12.0
   obj:/usr/lib/libSDL2-2.0.so.0.12.0
   obj:/usr/lib/libSDL2-2.0.so.0.12.0
   fun:Stds_InitSDL
   fun:Stds_InitGame
   fun:main
}
==7813== 4 bytes in 1 blocks are definitely lost in loss record 6 of 1,707
==7813==    at 0x483BB65: calloc (vg_replace_malloc.c:760)
==7813==    by 0x1207E19F: pa_xmalloc0 (in /usr/lib/libpulse.so.0.21.1)
==7813==    by 0x120A9301: pa_context_new_with_proplist (in /usr/lib/libpulse.so.0.21.1)
==7813==    by 0x4952F0F: ??? (in /usr/lib/libSDL2-2.0.so.0.12.0)
==7813==    by 0x49536C4: ??? (in /usr/lib/libSDL2-2.0.so.0.12.0)
==7813==    by 0x489898E: ??? (in /usr/lib/libSDL2-2.0.so.0.12.0)
==7813==    by 0x4894327: ??? (in /usr/lib/libSDL2-2.0.so.0.12.0)
==7813==    by 0x10E773: Stds_InitSDL (init.c:112)
==7813==    by 0x10E688: Stds_InitGame (init.c:54)
==7813==    by 0x1106E3: main (main.c:51)
==7813== 
{
   <insert_a_suppression_name_here>
   Memcheck:Leak
   match-leak-kinds: definite
   fun:calloc
   fun:pa_xmalloc0
   fun:pa_context_new_with_proplist
   obj:/usr/lib/libSDL2-2.0.so.0.12.0
   obj:/usr/lib/libSDL2-2.0.so.0.12.0
   obj:/usr/lib/libSDL2-2.0.so.0.12.0
   obj:/usr/lib/libSDL2-2.0.so.0.12.0
   fun:Stds_InitSDL
   fun:Stds_InitGame
   fun:main
}
==7813== 4 bytes in 1 blocks are definitely lost in loss record 7 of 1,707
==7813==    at 0x483BB65: calloc (vg_replace_malloc.c:760)
==7813==    by 0x1207E19F: pa_xmalloc0 (in /usr/lib/libpulse.so.0.21.1)
==7813==    by 0x120A9301: pa_context_new_with_proplist (in /usr/lib/libpulse.so.0.21.1)
==7813==    by 0x4952F0F: ??? (in /usr/lib/libSDL2-2.0.so.0.12.0)
==7813==    by 0x49533D4: ??? (in /usr/lib/libSDL2-2.0.so.0.12.0)
==7813==    by 0x4897A6D: ??? (in /usr/lib/libSDL2-2.0.so.0.12.0)
==7813==    by 0x4A20F20: Mix_OpenAudioDevice (in /usr/lib/libSDL2_mixer-2.0.so.0.2.2)
==7813==    by 0x10E8EF: Stds_InitAudioContext (init.c:162)
==7813==    by 0x10E8B4: Stds_InitSDL (init.c:146)
==7813==    by 0x10E688: Stds_InitGame (init.c:54)
==7813==    by 0x1106E3: main (main.c:51)
==7813== 
{
   <insert_a_suppression_name_here>
   Memcheck:Leak
   match-leak-kinds: definite
   fun:calloc
   fun:pa_xmalloc0
   fun:pa_context_new_with_proplist
   obj:/usr/lib/libSDL2-2.0.so.0.12.0
   obj:/usr/lib/libSDL2-2.0.so.0.12.0
   obj:/usr/lib/libSDL2-2.0.so.0.12.0
   fun:Mix_OpenAudioDevice
   fun:Stds_InitAudioContext
   fun:Stds_InitSDL
   fun:Stds_InitGame
   fun:main
}
==7813== LEAK SUMMARY:
==7813==    definitely lost: 9 bytes in 3 blocks
==7813==    indirectly lost: 0 bytes in 0 blocks
==7813==      possibly lost: 0 bytes in 0 blocks
==7813==    still reachable: 533,324 bytes in 2,545 blocks
==7813==         suppressed: 1,736 bytes in 3 blocks
==7813== Reachable blocks (those to which a pointer was found) are not shown.
==7813== To see them, rerun with: --leak-check=full --show-leak-kinds=all
==7813== 
==7813== Use --track-origins=yes to see where uninitialised values come from
==7813== For lists of detected and suppressed errors, rerun with: -s
==7813== ERROR SUMMARY: 274 errors from 13 contexts (suppressed: 2 from 2)
